{"contracts/Faucet.sol":{"l":{"35":3,"36":3,"37":3,"38":3,"40":3,"41":3,"43":3,"44":3,"45":3,"46":3,"50":1,"51":1,"52":1,"54":1,"55":1,"56":1,"58":1,"62":4,"63":4,"64":4,"66":4,"67":4,"71":1,"72":1,"76":5,"77":5,"78":5,"79":4,"81":3,"82":3,"84":2,"85":2,"87":2,"91":1},"path":"/opt/venn-hermes/packages/contracts/contracts/Faucet.sol","s":{"1":3,"2":3,"3":3,"4":3,"5":3,"6":3,"7":1,"8":1,"9":1,"10":1,"11":4,"12":4,"13":4,"14":4,"15":1,"16":5,"17":5,"18":5,"19":4,"20":3,"21":3,"22":2,"23":2,"24":1},"b":{"1":[3,0],"2":[3,0],"3":[3,0],"4":[3,0],"5":[1,0],"6":[1,0],"7":[1,0],"8":[1,0],"9":[4,1],"10":[4,0],"11":[4,0],"12":[4,0],"13":[1,0],"14":[5,0],"15":[4,1],"16":[3,1],"17":[2,1],"18":[1,1]},"f":{"1":3,"2":1,"3":4,"4":1,"5":5,"6":1},"fnMap":{"1":{"name":"constructor","line":34,"loc":{"start":{"line":34,"column":4},"end":{"line":47,"column":4}}},"2":{"name":"setConfig","line":49,"loc":{"start":{"line":49,"column":4},"end":{"line":59,"column":4}}},"3":{"name":"recordAttestation","line":61,"loc":{"start":{"line":61,"column":4},"end":{"line":68,"column":4}}},"4":{"name":"revokeAttestation","line":70,"loc":{"start":{"line":70,"column":4},"end":{"line":73,"column":4}}},"5":{"name":"claim","line":75,"loc":{"start":{"line":75,"column":4},"end":{"line":88,"column":4}}},"6":{"name":"getAttestation","line":90,"loc":{"start":{"line":90,"column":4},"end":{"line":92,"column":4}}}},"statementMap":{"1":{"start":{"line":35,"column":8},"end":{"line":35,"column":55}},"2":{"start":{"line":36,"column":8},"end":{"line":36,"column":51}},"3":{"start":{"line":37,"column":8},"end":{"line":37,"column":53}},"4":{"start":{"line":38,"column":8},"end":{"line":38,"column":73}},"5":{"start":{"line":40,"column":8},"end":{"line":40,"column":49}},"6":{"start":{"line":41,"column":8},"end":{"line":41,"column":44}},"7":{"start":{"line":50,"column":8},"end":{"line":50,"column":51}},"8":{"start":{"line":51,"column":8},"end":{"line":51,"column":53}},"9":{"start":{"line":52,"column":8},"end":{"line":52,"column":73}},"10":{"start":{"line":58,"column":8},"end":{"line":58,"column":66}},"11":{"start":{"line":62,"column":8},"end":{"line":62,"column":50}},"12":{"start":{"line":63,"column":8},"end":{"line":63,"column":66}},"13":{"start":{"line":64,"column":8},"end":{"line":64,"column":65}},"14":{"start":{"line":67,"column":8},"end":{"line":67,"column":61}},"15":{"start":{"line":72,"column":8},"end":{"line":72,"column":37}},"16":{"start":{"line":76,"column":8},"end":{"line":76,"column":65}},"17":{"start":{"line":77,"column":8},"end":{"line":77,"column":50}},"18":{"start":{"line":78,"column":8},"end":{"line":78,"column":78}},"19":{"start":{"line":79,"column":8},"end":{"line":79,"column":72}},"20":{"start":{"line":81,"column":8},"end":{"line":81,"column":46}},"21":{"start":{"line":82,"column":8},"end":{"line":82,"column":82}},"22":{"start":{"line":85,"column":8},"end":{"line":85,"column":39}},"23":{"start":{"line":87,"column":8},"end":{"line":87,"column":75}},"24":{"start":{"line":91,"column":8},"end":{"line":91,"column":33}}},"branchMap":{"1":{"line":35,"type":"if","locations":[{"start":{"line":35,"column":8},"end":{"line":35,"column":8}},{"start":{"line":35,"column":8},"end":{"line":35,"column":8}}]},"2":{"line":36,"type":"if","locations":[{"start":{"line":36,"column":8},"end":{"line":36,"column":8}},{"start":{"line":36,"column":8},"end":{"line":36,"column":8}}]},"3":{"line":37,"type":"if","locations":[{"start":{"line":37,"column":8},"end":{"line":37,"column":8}},{"start":{"line":37,"column":8},"end":{"line":37,"column":8}}]},"4":{"line":38,"type":"if","locations":[{"start":{"line":38,"column":8},"end":{"line":38,"column":8}},{"start":{"line":38,"column":8},"end":{"line":38,"column":8}}]},"5":{"line":49,"type":"if","locations":[{"start":{"line":49,"column":96},"end":{"line":49,"column":96}},{"start":{"line":49,"column":96},"end":{"line":49,"column":96}}]},"6":{"line":50,"type":"if","locations":[{"start":{"line":50,"column":8},"end":{"line":50,"column":8}},{"start":{"line":50,"column":8},"end":{"line":50,"column":8}}]},"7":{"line":51,"type":"if","locations":[{"start":{"line":51,"column":8},"end":{"line":51,"column":8}},{"start":{"line":51,"column":8},"end":{"line":51,"column":8}}]},"8":{"line":52,"type":"if","locations":[{"start":{"line":52,"column":8},"end":{"line":52,"column":8}},{"start":{"line":52,"column":8},"end":{"line":52,"column":8}}]},"9":{"line":61,"type":"if","locations":[{"start":{"line":61,"column":93},"end":{"line":61,"column":93}},{"start":{"line":61,"column":93},"end":{"line":61,"column":93}}]},"10":{"line":62,"type":"if","locations":[{"start":{"line":62,"column":8},"end":{"line":62,"column":8}},{"start":{"line":62,"column":8},"end":{"line":62,"column":8}}]},"11":{"line":63,"type":"if","locations":[{"start":{"line":63,"column":8},"end":{"line":63,"column":8}},{"start":{"line":63,"column":8},"end":{"line":63,"column":8}}]},"12":{"line":64,"type":"if","locations":[{"start":{"line":64,"column":8},"end":{"line":64,"column":8}},{"start":{"line":64,"column":8},"end":{"line":64,"column":8}}]},"13":{"line":70,"type":"if","locations":[{"start":{"line":70,"column":54},"end":{"line":70,"column":54}},{"start":{"line":70,"column":54},"end":{"line":70,"column":54}}]},"14":{"line":77,"type":"if","locations":[{"start":{"line":77,"column":8},"end":{"line":77,"column":8}},{"start":{"line":77,"column":8},"end":{"line":77,"column":8}}]},"15":{"line":78,"type":"if","locations":[{"start":{"line":78,"column":8},"end":{"line":78,"column":8}},{"start":{"line":78,"column":8},"end":{"line":78,"column":8}}]},"16":{"line":79,"type":"if","locations":[{"start":{"line":79,"column":8},"end":{"line":79,"column":8}},{"start":{"line":79,"column":8},"end":{"line":79,"column":8}}]},"17":{"line":82,"type":"if","locations":[{"start":{"line":82,"column":8},"end":{"line":82,"column":8}},{"start":{"line":82,"column":8},"end":{"line":82,"column":8}}]},"18":{"line":82,"type":"cond-expr","locations":[{"start":{"line":82,"column":16},"end":{"line":82,"column":24}},{"start":{"line":82,"column":29},"end":{"line":82,"column":62}}]}}},"contracts/MedianOracle.sol":{"l":{"25":5,"26":5,"30":3,"31":2,"32":2,"36":4,"37":4,"38":4,"39":4,"40":4,"41":4,"42":4,"46":5,"47":5,"48":5,"49":4,"51":4,"52":4,"54":3,"55":3,"56":3,"58":3,"62":2,"63":2,"65":2,"66":2,"67":2,"70":2,"71":1,"72":1,"73":1,"74":0,"75":0,"76":0,"79":1,"82":2,"83":2,"84":1,"86":1,"90":0},"path":"/opt/venn-hermes/packages/contracts/contracts/MedianOracle.sol","s":{"1":5,"2":5,"3":3,"4":2,"5":4,"6":4,"7":4,"8":4,"9":5,"10":5,"11":5,"12":4,"13":4,"14":4,"15":3,"16":3,"17":2,"18":2,"19":2,"20":2,"21":2,"22":1,"23":1,"24":1,"25":2,"26":2,"27":1,"28":1,"29":0},"b":{"1":[3,0],"2":[2,1],"3":[4,1],"4":[4,0],"5":[4,0],"6":[5,0],"7":[4,1],"8":[4,0],"9":[3,1],"10":[2,0],"11":[1,1]},"f":{"1":5,"2":3,"3":4,"4":5,"5":2,"6":0},"fnMap":{"1":{"name":"constructor","line":24,"loc":{"start":{"line":24,"column":4},"end":{"line":27,"column":4}}},"2":{"name":"setCurrentEpoch","line":29,"loc":{"start":{"line":29,"column":4},"end":{"line":33,"column":4}}},"3":{"name":"commitPrice","line":35,"loc":{"start":{"line":35,"column":4},"end":{"line":43,"column":4}}},"4":{"name":"revealPrice","line":45,"loc":{"start":{"line":45,"column":4},"end":{"line":59,"column":4}}},"5":{"name":"getMedian","line":61,"loc":{"start":{"line":61,"column":4},"end":{"line":87,"column":4}}},"6":{"name":"getCommitment","line":89,"loc":{"start":{"line":89,"column":4},"end":{"line":91,"column":4}}}},"statementMap":{"1":{"start":{"line":25,"column":8},"end":{"line":25,"column":49}},"2":{"start":{"line":26,"column":8},"end":{"line":26,"column":44}},"3":{"start":{"line":30,"column":8},"end":{"line":30,"column":57}},"4":{"start":{"line":32,"column":8},"end":{"line":32,"column":33}},"5":{"start":{"line":36,"column":8},"end":{"line":36,"column":36}},"6":{"start":{"line":37,"column":8},"end":{"line":37,"column":68}},"7":{"start":{"line":38,"column":8},"end":{"line":38,"column":83}},"8":{"start":{"line":42,"column":8},"end":{"line":42,"column":58}},"9":{"start":{"line":46,"column":8},"end":{"line":46,"column":36}},"10":{"start":{"line":47,"column":8},"end":{"line":47,"column":68}},"11":{"start":{"line":48,"column":8},"end":{"line":48,"column":60}},"12":{"start":{"line":49,"column":8},"end":{"line":49,"column":52}},"13":{"start":{"line":51,"column":8},"end":{"line":51,"column":67}},"14":{"start":{"line":52,"column":8},"end":{"line":52,"column":64}},"15":{"start":{"line":56,"column":8},"end":{"line":56,"column":37}},"16":{"start":{"line":58,"column":8},"end":{"line":58,"column":52}},"17":{"start":{"line":62,"column":8},"end":{"line":62,"column":53}},"18":{"start":{"line":63,"column":8},"end":{"line":63,"column":46}},"19":{"start":{"line":65,"column":8},"end":{"line":65,"column":62}},"20":{"start":{"line":66,"column":8},"end":{"line":66,"column":2420}},"21":{"start":{"line":70,"column":8},"end":{"line":70,"column":2520}},"22":{"start":{"line":71,"column":12},"end":{"line":71,"column":35}},"23":{"start":{"line":72,"column":12},"end":{"line":72,"column":25}},"24":{"start":{"line":73,"column":12},"end":{"line":73,"column":2646}},"25":{"start":{"line":82,"column":8},"end":{"line":82,"column":39}},"26":{"start":{"line":83,"column":8},"end":{"line":83,"column":2898}},"27":{"start":{"line":84,"column":12},"end":{"line":84,"column":30}},"28":{"start":{"line":86,"column":8},"end":{"line":86,"column":50}},"29":{"start":{"line":90,"column":8},"end":{"line":90,"column":44}}},"branchMap":{"1":{"line":29,"type":"if","locations":[{"start":{"line":29,"column":53},"end":{"line":29,"column":53}},{"start":{"line":29,"column":53},"end":{"line":29,"column":53}}]},"2":{"line":30,"type":"if","locations":[{"start":{"line":30,"column":8},"end":{"line":30,"column":8}},{"start":{"line":30,"column":8},"end":{"line":30,"column":8}}]},"3":{"line":35,"type":"if","locations":[{"start":{"line":35,"column":54},"end":{"line":35,"column":54}},{"start":{"line":35,"column":54},"end":{"line":35,"column":54}}]},"4":{"line":38,"type":"if","locations":[{"start":{"line":38,"column":8},"end":{"line":38,"column":8}},{"start":{"line":38,"column":8},"end":{"line":38,"column":8}}]},"5":{"line":38,"type":"cond-expr","locations":[{"start":{"line":38,"column":16},"end":{"line":38,"column":46}},{"start":{"line":38,"column":51},"end":{"line":38,"column":65}}]},"6":{"line":45,"type":"if","locations":[{"start":{"line":45,"column":63},"end":{"line":45,"column":63}},{"start":{"line":45,"column":63},"end":{"line":45,"column":63}}]},"7":{"line":48,"type":"if","locations":[{"start":{"line":48,"column":8},"end":{"line":48,"column":8}},{"start":{"line":48,"column":8},"end":{"line":48,"column":8}}]},"8":{"line":49,"type":"if","locations":[{"start":{"line":49,"column":8},"end":{"line":49,"column":8}},{"start":{"line":49,"column":8},"end":{"line":49,"column":8}}]},"9":{"line":52,"type":"if","locations":[{"start":{"line":52,"column":8},"end":{"line":52,"column":8}},{"start":{"line":52,"column":8},"end":{"line":52,"column":8}}]},"10":{"line":63,"type":"if","locations":[{"start":{"line":63,"column":8},"end":{"line":63,"column":8}},{"start":{"line":63,"column":8},"end":{"line":63,"column":8}}]},"11":{"line":83,"type":"if","locations":[{"start":{"line":83,"column":8},"end":{"line":83,"column":8}},{"start":{"line":83,"column":8},"end":{"line":83,"column":8}}]}}},"contracts/QuadraticFunding.sol":{"l":{"52":1,"53":1,"55":1,"56":1,"57":1,"59":1,"60":1,"64":2,"65":1,"66":1,"70":9,"71":9,"72":8,"74":7,"75":7,"79":4,"81":3,"82":3,"91":3,"95":5,"96":3,"97":3,"98":3,"100":3,"104":3,"108":2,"112":11,"113":10,"115":9,"116":9,"118":8,"119":8,"120":7,"121":6,"123":5,"124":5,"125":5,"127":5,"128":5,"129":5,"131":5,"132":5,"134":5,"135":5,"137":5,"138":5,"140":5,"144":6,"145":5,"146":5,"150":5,"151":5,"152":4,"154":3,"155":3,"156":6,"157":6,"158":2,"160":4,"161":4,"162":4,"163":0,"165":4,"166":4,"167":4,"169":3,"173":4,"174":4,"175":2,"177":2,"178":2,"182":5,"184":4,"185":4,"186":4,"187":3,"189":2,"190":2,"191":2,"193":2,"194":2,"195":2,"196":2,"199":2,"200":2,"202":2,"206":2,"210":2,"214":1,"218":1},"path":"/opt/venn-hermes/packages/contracts/contracts/QuadraticFunding.sol","s":{"1":1,"2":1,"3":1,"4":1,"5":1,"6":2,"7":1,"8":9,"9":9,"10":8,"11":7,"12":4,"13":3,"14":5,"15":3,"16":3,"17":3,"18":3,"19":2,"20":11,"21":10,"22":9,"23":9,"24":8,"25":8,"26":7,"27":6,"28":5,"29":5,"30":5,"31":5,"32":5,"33":5,"34":5,"35":5,"36":5,"37":6,"38":5,"39":5,"40":5,"41":4,"42":3,"43":3,"44":6,"45":6,"46":4,"47":4,"48":4,"49":4,"50":4,"51":4,"52":2,"53":2,"54":2,"55":5,"56":4,"57":4,"58":4,"59":3,"60":2,"61":2,"62":2,"63":2,"64":2,"65":2,"66":2,"67":2,"68":2,"69":2,"70":1,"71":1},"b":{"1":[1,0],"2":[1,0],"3":[2,0],"4":[1,1],"5":[9,1],"6":[9,0],"7":[8,1],"8":[7,1],"9":[4,0],"10":[3,1],"11":[3,2],"12":[3,0],"13":[3,0],"14":[2,0],"15":[10,1],"16":[9,1],"17":[8,1],"18":[7,1],"19":[6,1],"20":[5,1],"21":[5,0],"22":[6,0],"23":[5,1],"24":[5,0],"25":[5,0],"26":[4,1],"27":[3,1],"28":[2,4],"29":[0,2],"30":[0,4],"31":[2,2],"32":[1,1],"33":[1,0],"34":[4,1],"35":[4,0],"36":[3,1],"37":[2,1],"38":[2,0],"39":[2,0],"40":[2,0],"41":[2,0]},"f":{"1":1,"2":2,"3":9,"4":4,"5":5,"6":3,"7":2,"8":11,"9":6,"10":5,"11":4,"12":5,"13":2,"14":2,"15":1,"16":1},"fnMap":{"1":{"name":"constructor","line":51,"loc":{"start":{"line":51,"column":4},"end":{"line":61,"column":4}}},"2":{"name":"setMinTrustScore","line":63,"loc":{"start":{"line":63,"column":4},"end":{"line":67,"column":4}}},"3":{"name":"recordParticipant","line":69,"loc":{"start":{"line":69,"column":4},"end":{"line":76,"column":4}}},"4":{"name":"registerProject","line":78,"loc":{"start":{"line":78,"column":4},"end":{"line":92,"column":4}}},"5":{"name":"_fundMatchingPool","line":94,"loc":{"start":{"line":94,"column":4},"end":{"line":101,"column":4}}},"6":{"name":"fundMatchingPool","line":103,"loc":{"start":{"line":103,"column":4},"end":{"line":105,"column":4}}},"7":{"name":"poolFunds","line":107,"loc":{"start":{"line":107,"column":4},"end":{"line":109,"column":4}}},"8":{"name":"castVote","line":111,"loc":{"start":{"line":111,"column":4},"end":{"line":141,"column":4}}},"9":{"name":"closeRound","line":143,"loc":{"start":{"line":143,"column":4},"end":{"line":147,"column":4}}},"10":{"name":"matchFunds","line":149,"loc":{"start":{"line":149,"column":4},"end":{"line":170,"column":4}}},"11":{"name":"previewMatch","line":172,"loc":{"start":{"line":172,"column":4},"end":{"line":179,"column":4}}},"12":{"name":"withdraw","line":181,"loc":{"start":{"line":181,"column":4},"end":{"line":203,"column":4}}},"13":{"name":"contributionOf","line":205,"loc":{"start":{"line":205,"column":4},"end":{"line":207,"column":4}}},"14":{"name":"projectDetails","line":209,"loc":{"start":{"line":209,"column":4},"end":{"line":211,"column":4}}},"15":{"name":"participantInfo","line":213,"loc":{"start":{"line":213,"column":4},"end":{"line":215,"column":4}}},"16":{"name":"matchingWeight","line":217,"loc":{"start":{"line":217,"column":4},"end":{"line":219,"column":4}}}},"statementMap":{"1":{"start":{"line":52,"column":8},"end":{"line":52,"column":55}},"2":{"start":{"line":53,"column":8},"end":{"line":53,"column":73}},"3":{"start":{"line":55,"column":8},"end":{"line":55,"column":49}},"4":{"start":{"line":56,"column":8},"end":{"line":56,"column":44}},"5":{"start":{"line":57,"column":8},"end":{"line":57,"column":45}},"6":{"start":{"line":64,"column":8},"end":{"line":64,"column":71}},"7":{"start":{"line":66,"column":8},"end":{"line":66,"column":47}},"8":{"start":{"line":70,"column":8},"end":{"line":70,"column":50}},"9":{"start":{"line":71,"column":8},"end":{"line":71,"column":66}},"10":{"start":{"line":72,"column":8},"end":{"line":72,"column":65}},"11":{"start":{"line":75,"column":8},"end":{"line":75,"column":61}},"12":{"start":{"line":79,"column":8},"end":{"line":79,"column":60}},"13":{"start":{"line":91,"column":8},"end":{"line":91,"column":52}},"14":{"start":{"line":95,"column":8},"end":{"line":95,"column":45}},"15":{"start":{"line":97,"column":8},"end":{"line":97,"column":69}},"16":{"start":{"line":98,"column":8},"end":{"line":98,"column":37}},"17":{"start":{"line":100,"column":8},"end":{"line":100,"column":65}},"18":{"start":{"line":104,"column":8},"end":{"line":104,"column":32}},"19":{"start":{"line":108,"column":8},"end":{"line":108,"column":32}},"20":{"start":{"line":112,"column":8},"end":{"line":112,"column":44}},"21":{"start":{"line":113,"column":8},"end":{"line":113,"column":45}},"22":{"start":{"line":115,"column":8},"end":{"line":115,"column":53}},"23":{"start":{"line":116,"column":8},"end":{"line":116,"column":49}},"24":{"start":{"line":118,"column":8},"end":{"line":118,"column":65}},"25":{"start":{"line":119,"column":8},"end":{"line":119,"column":50}},"26":{"start":{"line":120,"column":8},"end":{"line":120,"column":78}},"27":{"start":{"line":121,"column":8},"end":{"line":121,"column":72}},"28":{"start":{"line":123,"column":8},"end":{"line":123,"column":75}},"29":{"start":{"line":124,"column":8},"end":{"line":124,"column":63}},"30":{"start":{"line":127,"column":8},"end":{"line":127,"column":62}},"31":{"start":{"line":128,"column":8},"end":{"line":128,"column":52}},"32":{"start":{"line":129,"column":8},"end":{"line":129,"column":91}},"33":{"start":{"line":134,"column":8},"end":{"line":134,"column":91}},"34":{"start":{"line":137,"column":8},"end":{"line":137,"column":69}},"35":{"start":{"line":138,"column":8},"end":{"line":138,"column":37}},"36":{"start":{"line":140,"column":8},"end":{"line":140,"column":69}},"37":{"start":{"line":144,"column":8},"end":{"line":144,"column":52}},"38":{"start":{"line":146,"column":8},"end":{"line":146,"column":38}},"39":{"start":{"line":150,"column":8},"end":{"line":150,"column":41}},"40":{"start":{"line":151,"column":8},"end":{"line":151,"column":51}},"41":{"start":{"line":152,"column":8},"end":{"line":152,"column":44}},"42":{"start":{"line":154,"column":8},"end":{"line":154,"column":44}},"43":{"start":{"line":155,"column":8},"end":{"line":155,"column":6156}},"44":{"start":{"line":156,"column":12},"end":{"line":156,"column":57}},"45":{"start":{"line":157,"column":12},"end":{"line":157,"column":6301}},"46":{"start":{"line":160,"column":12},"end":{"line":160,"column":92}},"47":{"start":{"line":161,"column":12},"end":{"line":161,"column":71}},"48":{"start":{"line":162,"column":12},"end":{"line":162,"column":6582}},"49":{"start":{"line":167,"column":12},"end":{"line":167,"column":59}},"50":{"start":{"line":173,"column":8},"end":{"line":173,"column":52}},"51":{"start":{"line":174,"column":8},"end":{"line":174,"column":7012}},"52":{"start":{"line":175,"column":12},"end":{"line":175,"column":20}},"53":{"start":{"line":177,"column":8},"end":{"line":177,"column":88}},"54":{"start":{"line":178,"column":8},"end":{"line":178,"column":52}},"55":{"start":{"line":182,"column":8},"end":{"line":182,"column":41}},"56":{"start":{"line":184,"column":8},"end":{"line":184,"column":53}},"57":{"start":{"line":185,"column":8},"end":{"line":185,"column":49}},"58":{"start":{"line":186,"column":8},"end":{"line":186,"column":55}},"59":{"start":{"line":187,"column":8},"end":{"line":187,"column":64}},"60":{"start":{"line":189,"column":8},"end":{"line":189,"column":105}},"61":{"start":{"line":190,"column":8},"end":{"line":190,"column":70}},"62":{"start":{"line":193,"column":8},"end":{"line":193,"column":7829}},"63":{"start":{"line":194,"column":12},"end":{"line":194,"column":70}},"64":{"start":{"line":195,"column":12},"end":{"line":195,"column":72}},"65":{"start":{"line":199,"column":8},"end":{"line":199,"column":55}},"66":{"start":{"line":200,"column":8},"end":{"line":200,"column":37}},"67":{"start":{"line":202,"column":8},"end":{"line":202,"column":63}},"68":{"start":{"line":206,"column":8},"end":{"line":206,"column":45}},"69":{"start":{"line":210,"column":8},"end":{"line":210,"column":34}},"70":{"start":{"line":214,"column":8},"end":{"line":214,"column":33}},"71":{"start":{"line":218,"column":8},"end":{"line":218,"column":26}}},"branchMap":{"1":{"line":52,"type":"if","locations":[{"start":{"line":52,"column":8},"end":{"line":52,"column":8}},{"start":{"line":52,"column":8},"end":{"line":52,"column":8}}]},"2":{"line":53,"type":"if","locations":[{"start":{"line":53,"column":8},"end":{"line":53,"column":8}},{"start":{"line":53,"column":8},"end":{"line":53,"column":8}}]},"3":{"line":63,"type":"if","locations":[{"start":{"line":63,"column":61},"end":{"line":63,"column":61}},{"start":{"line":63,"column":61},"end":{"line":63,"column":61}}]},"4":{"line":64,"type":"if","locations":[{"start":{"line":64,"column":8},"end":{"line":64,"column":8}},{"start":{"line":64,"column":8},"end":{"line":64,"column":8}}]},"5":{"line":69,"type":"if","locations":[{"start":{"line":69,"column":93},"end":{"line":69,"column":93}},{"start":{"line":69,"column":93},"end":{"line":69,"column":93}}]},"6":{"line":70,"type":"if","locations":[{"start":{"line":70,"column":8},"end":{"line":70,"column":8}},{"start":{"line":70,"column":8},"end":{"line":70,"column":8}}]},"7":{"line":71,"type":"if","locations":[{"start":{"line":71,"column":8},"end":{"line":71,"column":8}},{"start":{"line":71,"column":8},"end":{"line":71,"column":8}}]},"8":{"line":72,"type":"if","locations":[{"start":{"line":72,"column":8},"end":{"line":72,"column":8}},{"start":{"line":72,"column":8},"end":{"line":72,"column":8}}]},"9":{"line":78,"type":"if","locations":[{"start":{"line":78,"column":57},"end":{"line":78,"column":57}},{"start":{"line":78,"column":57},"end":{"line":78,"column":57}}]},"10":{"line":79,"type":"if","locations":[{"start":{"line":79,"column":8},"end":{"line":79,"column":8}},{"start":{"line":79,"column":8},"end":{"line":79,"column":8}}]},"11":{"line":95,"type":"if","locations":[{"start":{"line":95,"column":8},"end":{"line":95,"column":8}},{"start":{"line":95,"column":8},"end":{"line":95,"column":8}}]},"12":{"line":98,"type":"if","locations":[{"start":{"line":98,"column":8},"end":{"line":98,"column":8}},{"start":{"line":98,"column":8},"end":{"line":98,"column":8}}]},"13":{"line":103,"type":"if","locations":[{"start":{"line":103,"column":55},"end":{"line":103,"column":55}},{"start":{"line":103,"column":55},"end":{"line":103,"column":55}}]},"14":{"line":107,"type":"if","locations":[{"start":{"line":107,"column":48},"end":{"line":107,"column":48}},{"start":{"line":107,"column":48},"end":{"line":107,"column":48}}]},"15":{"line":112,"type":"if","locations":[{"start":{"line":112,"column":8},"end":{"line":112,"column":8}},{"start":{"line":112,"column":8},"end":{"line":112,"column":8}}]},"16":{"line":113,"type":"if","locations":[{"start":{"line":113,"column":8},"end":{"line":113,"column":8}},{"start":{"line":113,"column":8},"end":{"line":113,"column":8}}]},"17":{"line":116,"type":"if","locations":[{"start":{"line":116,"column":8},"end":{"line":116,"column":8}},{"start":{"line":116,"column":8},"end":{"line":116,"column":8}}]},"18":{"line":119,"type":"if","locations":[{"start":{"line":119,"column":8},"end":{"line":119,"column":8}},{"start":{"line":119,"column":8},"end":{"line":119,"column":8}}]},"19":{"line":120,"type":"if","locations":[{"start":{"line":120,"column":8},"end":{"line":120,"column":8}},{"start":{"line":120,"column":8},"end":{"line":120,"column":8}}]},"20":{"line":121,"type":"if","locations":[{"start":{"line":121,"column":8},"end":{"line":121,"column":8}},{"start":{"line":121,"column":8},"end":{"line":121,"column":8}}]},"21":{"line":138,"type":"if","locations":[{"start":{"line":138,"column":8},"end":{"line":138,"column":8}},{"start":{"line":138,"column":8},"end":{"line":138,"column":8}}]},"22":{"line":143,"type":"if","locations":[{"start":{"line":143,"column":35},"end":{"line":143,"column":35}},{"start":{"line":143,"column":35},"end":{"line":143,"column":35}}]},"23":{"line":144,"type":"if","locations":[{"start":{"line":144,"column":8},"end":{"line":144,"column":8}},{"start":{"line":144,"column":8},"end":{"line":144,"column":8}}]},"24":{"line":149,"type":"if","locations":[{"start":{"line":149,"column":35},"end":{"line":149,"column":35}},{"start":{"line":149,"column":35},"end":{"line":149,"column":35}}]},"25":{"line":150,"type":"if","locations":[{"start":{"line":150,"column":8},"end":{"line":150,"column":8}},{"start":{"line":150,"column":8},"end":{"line":150,"column":8}}]},"26":{"line":151,"type":"if","locations":[{"start":{"line":151,"column":8},"end":{"line":151,"column":8}},{"start":{"line":151,"column":8},"end":{"line":151,"column":8}}]},"27":{"line":152,"type":"if","locations":[{"start":{"line":152,"column":8},"end":{"line":152,"column":8}},{"start":{"line":152,"column":8},"end":{"line":152,"column":8}}]},"28":{"line":157,"type":"if","locations":[{"start":{"line":157,"column":12},"end":{"line":157,"column":12}},{"start":{"line":157,"column":12},"end":{"line":157,"column":12}}]},"29":{"line":157,"type":"cond-expr","locations":[{"start":{"line":157,"column":16},"end":{"line":157,"column":30}},{"start":{"line":157,"column":35},"end":{"line":157,"column":69}}]},"30":{"line":162,"type":"if","locations":[{"start":{"line":162,"column":12},"end":{"line":162,"column":12}},{"start":{"line":162,"column":12},"end":{"line":162,"column":12}}]},"31":{"line":174,"type":"if","locations":[{"start":{"line":174,"column":8},"end":{"line":174,"column":8}},{"start":{"line":174,"column":8},"end":{"line":174,"column":8}}]},"32":{"line":174,"type":"cond-expr","locations":[{"start":{"line":174,"column":12},"end":{"line":174,"column":26}},{"start":{"line":174,"column":31},"end":{"line":174,"column":65}}]},"33":{"line":174,"type":"cond-expr","locations":[{"start":{"line":174,"column":12},"end":{"line":174,"column":65}},{"start":{"line":174,"column":70},"end":{"line":174,"column":85}}]},"34":{"line":182,"type":"if","locations":[{"start":{"line":182,"column":8},"end":{"line":182,"column":8}},{"start":{"line":182,"column":8},"end":{"line":182,"column":8}}]},"35":{"line":185,"type":"if","locations":[{"start":{"line":185,"column":8},"end":{"line":185,"column":8}},{"start":{"line":185,"column":8},"end":{"line":185,"column":8}}]},"36":{"line":186,"type":"if","locations":[{"start":{"line":186,"column":8},"end":{"line":186,"column":8}},{"start":{"line":186,"column":8},"end":{"line":186,"column":8}}]},"37":{"line":187,"type":"if","locations":[{"start":{"line":187,"column":8},"end":{"line":187,"column":8}},{"start":{"line":187,"column":8},"end":{"line":187,"column":8}}]},"38":{"line":189,"type":"if","locations":[{"start":{"line":189,"column":58},"end":{"line":189,"column":78}},{"start":{"line":189,"column":82},"end":{"line":189,"column":104}}]},"39":{"line":193,"type":"if","locations":[{"start":{"line":193,"column":8},"end":{"line":193,"column":8}},{"start":{"line":193,"column":8},"end":{"line":193,"column":8}}]},"40":{"line":195,"type":"if","locations":[{"start":{"line":195,"column":12},"end":{"line":195,"column":12}},{"start":{"line":195,"column":12},"end":{"line":195,"column":12}}]},"41":{"line":200,"type":"if","locations":[{"start":{"line":200,"column":8},"end":{"line":200,"column":8}},{"start":{"line":200,"column":8},"end":{"line":200,"column":8}}]}}},"contracts/RGU.sol":{"l":{"12":11,"13":11,"14":11,"18":14,"22":1},"path":"/opt/venn-hermes/packages/contracts/contracts/RGU.sol","s":{"1":11,"2":11,"3":11,"4":14,"5":1},"b":{"1":[14,1],"2":[1,1]},"f":{"1":11,"2":14,"3":1},"fnMap":{"1":{"name":"constructor","line":11,"loc":{"start":{"line":11,"column":4},"end":{"line":15,"column":4}}},"2":{"name":"mint","line":17,"loc":{"start":{"line":17,"column":4},"end":{"line":19,"column":4}}},"3":{"name":"burn","line":21,"loc":{"start":{"line":21,"column":4},"end":{"line":23,"column":4}}}},"statementMap":{"1":{"start":{"line":12,"column":8},"end":{"line":12,"column":49}},"2":{"start":{"line":13,"column":8},"end":{"line":13,"column":42}},"3":{"start":{"line":14,"column":8},"end":{"line":14,"column":42}},"4":{"start":{"line":18,"column":8},"end":{"line":18,"column":24}},"5":{"start":{"line":22,"column":8},"end":{"line":22,"column":26}}},"branchMap":{"1":{"line":17,"type":"if","locations":[{"start":{"line":17,"column":55},"end":{"line":17,"column":55}},{"start":{"line":17,"column":55},"end":{"line":17,"column":55}}]},"2":{"line":21,"type":"if","locations":[{"start":{"line":21,"column":57},"end":{"line":21,"column":57}},{"start":{"line":21,"column":57},"end":{"line":21,"column":57}}]}}},"contracts/UBE.sol":{"l":{"36":3,"37":3,"38":3,"39":3,"41":3,"42":3,"44":3,"45":3,"46":3,"47":3,"51":1,"52":1,"53":1,"55":1,"56":1,"57":1,"59":1,"68":5,"69":5,"70":5,"72":5,"73":5,"75":4,"76":4,"77":4,"78":4,"79":4,"81":4,"83":4,"87":5,"88":5,"89":5,"90":4,"92":3,"93":3,"95":2,"96":2,"98":2,"106":2,"107":2,"108":2,"109":2,"111":2,"112":1,"115":1,"116":1,"117":1},"path":"/opt/venn-hermes/packages/contracts/contracts/UBE.sol","s":{"1":3,"2":3,"3":3,"4":3,"5":3,"6":3,"7":1,"8":1,"9":1,"10":1,"11":5,"12":5,"13":5,"14":5,"15":5,"16":4,"17":4,"18":5,"19":5,"20":5,"21":4,"22":3,"23":3,"24":2,"25":2,"26":2,"27":2,"28":1,"29":1},"b":{"1":[3,0],"2":[3,0],"3":[3,0],"4":[3,0],"5":[1,0],"6":[1,0],"7":[1,0],"8":[1,0],"9":[5,0],"10":[5,0],"11":[5,0],"12":[5,0],"13":[4,1],"14":[4,0],"15":[5,0],"16":[4,1],"17":[3,1],"18":[2,1],"19":[1,1],"20":[1,1]},"f":{"1":3,"2":1,"3":5,"4":5,"5":2},"fnMap":{"1":{"name":"constructor","line":35,"loc":{"start":{"line":35,"column":4},"end":{"line":48,"column":4}}},"2":{"name":"setClaimConfig","line":50,"loc":{"start":{"line":50,"column":4},"end":{"line":60,"column":4}}},"3":{"name":"registerIdentity","line":67,"loc":{"start":{"line":62,"column":4},"end":{"line":84,"column":4}}},"4":{"name":"claim","line":86,"loc":{"start":{"line":86,"column":4},"end":{"line":99,"column":4}}},"5":{"name":"getClaimStatus","line":101,"loc":{"start":{"line":101,"column":4},"end":{"line":118,"column":4}}}},"statementMap":{"1":{"start":{"line":36,"column":8},"end":{"line":36,"column":55}},"2":{"start":{"line":37,"column":8},"end":{"line":37,"column":51}},"3":{"start":{"line":38,"column":8},"end":{"line":38,"column":58}},"4":{"start":{"line":39,"column":8},"end":{"line":39,"column":73}},"5":{"start":{"line":41,"column":8},"end":{"line":41,"column":49}},"6":{"start":{"line":42,"column":8},"end":{"line":42,"column":44}},"7":{"start":{"line":51,"column":8},"end":{"line":51,"column":51}},"8":{"start":{"line":52,"column":8},"end":{"line":52,"column":58}},"9":{"start":{"line":53,"column":8},"end":{"line":53,"column":73}},"10":{"start":{"line":59,"column":8},"end":{"line":59,"column":76}},"11":{"start":{"line":68,"column":8},"end":{"line":68,"column":50}},"12":{"start":{"line":69,"column":8},"end":{"line":69,"column":66}},"13":{"start":{"line":70,"column":8},"end":{"line":70,"column":65}},"14":{"start":{"line":72,"column":8},"end":{"line":72,"column":49}},"15":{"start":{"line":73,"column":8},"end":{"line":73,"column":70}},"16":{"start":{"line":75,"column":8},"end":{"line":75,"column":50}},"17":{"start":{"line":83,"column":8},"end":{"line":83,"column":71}},"18":{"start":{"line":87,"column":8},"end":{"line":87,"column":56}},"19":{"start":{"line":88,"column":8},"end":{"line":88,"column":45}},"20":{"start":{"line":89,"column":8},"end":{"line":89,"column":67}},"21":{"start":{"line":90,"column":8},"end":{"line":90,"column":73}},"22":{"start":{"line":92,"column":8},"end":{"line":92,"column":64}},"23":{"start":{"line":93,"column":8},"end":{"line":93,"column":91}},"24":{"start":{"line":96,"column":8},"end":{"line":96,"column":39}},"25":{"start":{"line":98,"column":8},"end":{"line":98,"column":97}},"26":{"start":{"line":106,"column":8},"end":{"line":106,"column":49}},"27":{"start":{"line":111,"column":8},"end":{"line":111,"column":4115}},"28":{"start":{"line":112,"column":12},"end":{"line":112,"column":63}},"29":{"start":{"line":116,"column":8},"end":{"line":116,"column":90}}},"branchMap":{"1":{"line":36,"type":"if","locations":[{"start":{"line":36,"column":8},"end":{"line":36,"column":8}},{"start":{"line":36,"column":8},"end":{"line":36,"column":8}}]},"2":{"line":37,"type":"if","locations":[{"start":{"line":37,"column":8},"end":{"line":37,"column":8}},{"start":{"line":37,"column":8},"end":{"line":37,"column":8}}]},"3":{"line":38,"type":"if","locations":[{"start":{"line":38,"column":8},"end":{"line":38,"column":8}},{"start":{"line":38,"column":8},"end":{"line":38,"column":8}}]},"4":{"line":39,"type":"if","locations":[{"start":{"line":39,"column":8},"end":{"line":39,"column":8}},{"start":{"line":39,"column":8},"end":{"line":39,"column":8}}]},"5":{"line":50,"type":"if","locations":[{"start":{"line":50,"column":106},"end":{"line":50,"column":106}},{"start":{"line":50,"column":106},"end":{"line":50,"column":106}}]},"6":{"line":51,"type":"if","locations":[{"start":{"line":51,"column":8},"end":{"line":51,"column":8}},{"start":{"line":51,"column":8},"end":{"line":51,"column":8}}]},"7":{"line":52,"type":"if","locations":[{"start":{"line":52,"column":8},"end":{"line":52,"column":8}},{"start":{"line":52,"column":8},"end":{"line":52,"column":8}}]},"8":{"line":53,"type":"if","locations":[{"start":{"line":53,"column":8},"end":{"line":53,"column":8}},{"start":{"line":53,"column":8},"end":{"line":53,"column":8}}]},"9":{"line":67,"type":"if","locations":[{"start":{"line":67,"column":15},"end":{"line":67,"column":15}},{"start":{"line":67,"column":15},"end":{"line":67,"column":15}}]},"10":{"line":68,"type":"if","locations":[{"start":{"line":68,"column":8},"end":{"line":68,"column":8}},{"start":{"line":68,"column":8},"end":{"line":68,"column":8}}]},"11":{"line":69,"type":"if","locations":[{"start":{"line":69,"column":8},"end":{"line":69,"column":8}},{"start":{"line":69,"column":8},"end":{"line":69,"column":8}}]},"12":{"line":70,"type":"if","locations":[{"start":{"line":70,"column":8},"end":{"line":70,"column":8}},{"start":{"line":70,"column":8},"end":{"line":70,"column":8}}]},"13":{"line":73,"type":"if","locations":[{"start":{"line":73,"column":8},"end":{"line":73,"column":8}},{"start":{"line":73,"column":8},"end":{"line":73,"column":8}}]},"14":{"line":73,"type":"cond-expr","locations":[{"start":{"line":73,"column":16},"end":{"line":73,"column":34}},{"start":{"line":73,"column":39},"end":{"line":73,"column":51}}]},"15":{"line":88,"type":"if","locations":[{"start":{"line":88,"column":8},"end":{"line":88,"column":8}},{"start":{"line":88,"column":8},"end":{"line":88,"column":8}}]},"16":{"line":89,"type":"if","locations":[{"start":{"line":89,"column":8},"end":{"line":89,"column":8}},{"start":{"line":89,"column":8},"end":{"line":89,"column":8}}]},"17":{"line":90,"type":"if","locations":[{"start":{"line":90,"column":8},"end":{"line":90,"column":8}},{"start":{"line":90,"column":8},"end":{"line":90,"column":8}}]},"18":{"line":93,"type":"if","locations":[{"start":{"line":93,"column":8},"end":{"line":93,"column":8}},{"start":{"line":93,"column":8},"end":{"line":93,"column":8}}]},"19":{"line":93,"type":"cond-expr","locations":[{"start":{"line":93,"column":16},"end":{"line":93,"column":38}},{"start":{"line":93,"column":43},"end":{"line":93,"column":72}}]},"20":{"line":111,"type":"if","locations":[{"start":{"line":111,"column":8},"end":{"line":111,"column":8}},{"start":{"line":111,"column":8},"end":{"line":111,"column":8}}]}}}}